<?xml version="1.0" encoding="utf-8" standalone="no"?>
<!--This file represents the results of running a test suite-->
<test-results name="C:\Users\Julien\Documents\Visual Studio 2008\Projects\Insta.Project.LecteurRSS\Insta.Project.LecteurRSS\bin\Release\Insta.Project.LecteurRSS.dll" total="0" failures="0" not-run="0" date="2009-12-24" time="15:08:31">
  <environment nunit-version="2.4.5.0" clr-version="2.0.50727.4200" os-version="Microsoft Windows NT 6.0.6002 Service Pack 2" platform="Win32NT" cwd="C:\Users\Julien\Documents\Visual Studio 2008\Projects\Insta.Project.LecteurRSS" machine-name="ULYSSE" user="Julien" user-domain="Ulysse" />
  <culture-info current-culture="fr-FR" current-uiculture="fr-FR" />
  <test-suite name="C:\Users\Julien\Documents\Visual Studio 2008\Projects\Insta.Project.LecteurRSS\Insta.Project.LecteurRSS\bin\Release\Insta.Project.LecteurRSS.dll" success="True" time="0.000" asserts="0">
    <results />
  </test-suite>
</test-results>